================================================================
   Compilation started at Tue Nov 26 21:45:34 GMT-04:00 2013
================================================================

Base Dir = C:\Users\Renso&Kenny\IdeaProjects\GwtTutorial
Compiling module org.grails.gwttutorial.Application
[ERROR] Failure in unit cache map load.
java.util.concurrent.ExecutionException: java.lang.StackOverflowError
	at java.util.concurrent.FutureTask$Sync.innerGet(FutureTask.java:252)
	at java.util.concurrent.FutureTask.get(FutureTask.java:111)
	at com.google.gwt.dev.javac.PersistentUnitCache.awaitUnitCacheMapLoad(PersistentUnitCache.java:466)
	at com.google.gwt.dev.javac.PersistentUnitCache.find(PersistentUnitCache.java:391)
	at com.google.gwt.dev.javac.CompilationStateBuilder.addArchive(CompilationStateBuilder.java:365)
	at com.google.gwt.dev.ArchivePreloader.preloadArchives(ArchivePreloader.java:65)
	at com.google.gwt.dev.Precompile.precompile(Precompile.java:243)
	at com.google.gwt.dev.Precompile.precompile(Precompile.java:229)
	at com.google.gwt.dev.Precompile.precompile(Precompile.java:141)
	at com.google.gwt.dev.Compiler.run(Compiler.java:232)
	at com.google.gwt.dev.Compiler.run(Compiler.java:198)
	at com.google.gwt.dev.Compiler$1.run(Compiler.java:170)
	at com.google.gwt.dev.CompileTaskRunner.doRun(CompileTaskRunner.java:88)
	at com.google.gwt.dev.CompileTaskRunner.runWithAppropriateLogger(CompileTaskRunner.java:82)
	at com.google.gwt.dev.Compiler.main(Compiler.java:177)
Caused by: java.lang.StackOverflowError
	at java.io.BufferedInputStream.read(BufferedInputStream.java:334)
	at java.io.ObjectInputStream$PeekInputStream.read(ObjectInputStream.java:2283)
	at java.io.ObjectInputStream$PeekInputStream.readFully(ObjectInputStream.java:2296)
	at java.io.ObjectInputStream$BlockDataInputStream.readInt(ObjectInputStream.java:2791)
	at java.io.ObjectInputStream.readHandle(ObjectInputStream.java:1449)
	at java.io.ObjectInputStream.readClassDesc(ObjectInputStream.java:1508)
	at java.io.ObjectInputStream.readOrdinaryObject(ObjectInputStream.java:1750)
	at java.io.ObjectInputStream.readObject0(ObjectInputStream.java:1347)
	at java.io.ObjectInputStream.defaultReadFields(ObjectInputStream.java:1964)
	at java.io.ObjectInputStream.defaultReadObject(ObjectInputStream.java:498)
	at com.google.gwt.dev.javac.CachedCompilationUnit.readObject(CachedCompilationUnit.java:204)
	at sun.reflect.GeneratedMethodAccessor22.invoke(Unknown Source)
	at sun.reflect.DelegatingMethodAccessorImpl.invoke(DelegatingMethodAccessorImpl.java:43)
	at java.lang.reflect.Method.invoke(Method.java:601)
	at java.io.ObjectStreamClass.invokeReadObject(ObjectStreamClass.java:1004)
	at java.io.ObjectInputStream.readSerialData(ObjectInputStream.java:1866)
	at java.io.ObjectInputStream.readOrdinaryObject(ObjectInputStream.java:1771)
	at java.io.ObjectInputStream.readObject0(ObjectInputStream.java:1347)
	at java.io.ObjectInputStream.skipCustomData(ObjectInputStream.java:1929)
	at java.io.ObjectInputStream.readSerialData(ObjectInputStream.java:1891)
	at java.io.ObjectInputStream.readOrdinaryObject(ObjectInputStream.java:1771)
	at java.io.ObjectInputStream.readObject0(ObjectInputStream.java:1347)
	at java.io.ObjectInputStream.defaultReadFields(ObjectInputStream.java:1964)
	at java.io.ObjectInputStream.defaultReadObject(ObjectInputStream.java:498)
	at com.google.gwt.dev.javac.CachedCompilationUnit.readObject(CachedCompilationUnit.java:204)
	at sun.reflect.GeneratedMethodAccessor22.invoke(Unknown Source)
	at sun.reflect.DelegatingMethodAccessorImpl.invoke(DelegatingMethodAccessorImpl.java:43)
	at java.lang.reflect.Method.invoke(Method.java:601)
	at java.io.ObjectStreamClass.invokeReadObject(ObjectStreamClass.java:1004)
	at java.io.ObjectInputStream.readSerialData(ObjectInputStream.java:1866)
	at java.io.ObjectInputStream.readOrdinaryObject(ObjectInputStream.java:1771)
	at java.io.ObjectInputStream.readObject0(ObjectInputStream.java:1347)
	at java.io.ObjectInputStream.skipCustomData(ObjectInputStream.java:1929)
	at java.io.ObjectInputStream.readSerialData(ObjectInputStream.java:1891)
	at java.io.ObjectInputStream.readOrdinaryObject(ObjectInputStream.java:1771)
	at java.io.ObjectInputStream.readObject0(ObjectInputStream.java:1347)
	at java.io.ObjectInputStream.defaultReadFields(ObjectInputStream.java:1964)
	at java.io.ObjectInputStream.defaultReadObject(ObjectInputStream.java:498)
	at com.google.gwt.dev.javac.CachedCompilationUnit.readObject(CachedCompilationUnit.java:204)
	at sun.reflect.GeneratedMethodAccessor22.invoke(Unknown Source)
	at sun.reflect.DelegatingMethodAccessorImpl.invoke(DelegatingMethodAccessorImpl.java:43)
	at java.lang.reflect.Method.invoke(Method.java:601)
	at java.io.ObjectStreamClass.invokeReadObject(ObjectStreamClass.java:1004)
	at java.io.ObjectInputStream.readSerialData(ObjectInputStream.java:1866)
	at java.io.ObjectInputStream.readOrdinaryObject(ObjectInputStream.java:1771)
	at java.io.ObjectInputStream.readObject0(ObjectInputStream.java:1347)
	at java.io.ObjectInputStream.skipCustomData(ObjectInputStream.java:1929)
	at java.io.ObjectInputStream.readSerialData(ObjectInputStream.java:1891)
	at java.io.ObjectInputStream.readOrdinaryObject(ObjectInputStream.java:1771)
	at java.io.ObjectInputStream.readObject0(ObjectInputStream.java:1347)
	at java.io.ObjectInputStream.defaultReadFields(ObjectInputStream.java:1964)
	at java.io.ObjectInputStream.defaultReadObject(ObjectInputStream.java:498)
	at com.google.gwt.dev.javac.CachedCompilationUnit.readObject(CachedCompilationUnit.java:204)
	at sun.reflect.GeneratedMethodAccessor22.invoke(Unknown Source)
	at sun.reflect.DelegatingMethodAccessorImpl.invoke(DelegatingMethodAccessorImpl.java:43)
	at java.lang.reflect.Method.invoke(Method.java:601)
	at java.io.ObjectStreamClass.invokeReadObject(ObjectStreamClass.java:1004)
	at java.io.ObjectInputStream.readSerialData(ObjectInputStream.java:1866)
	at java.io.ObjectInputStream.readOrdinaryObject(ObjectInputStream.java:1771)
	at java.io.ObjectInputStream.readObject0(ObjectInputStream.java:1347)
	at java.io.ObjectInputStream.skipCustomData(ObjectInputStream.java:1929)
	at java.io.ObjectInputStream.readSerialData(ObjectInputStream.java:1891)
	at java.io.ObjectInputStream.readOrdinaryObject(ObjectInputStream.java:1771)
	at java.io.ObjectInputStream.readObject0(ObjectInputStream.java:1347)
	at java.io.ObjectInputStream.defaultReadFields(ObjectInputStream.java:1964)
	at java.io.ObjectInputStream.defaultReadObject(ObjectInputStream.java:498)
	at com.google.gwt.dev.javac.CachedCompilationUnit.readObject(CachedCompilationUnit.java:204)
	at sun.reflect.GeneratedMethodAccessor22.invoke(Unknown Source)
	at sun.reflect.DelegatingMethodAccessorImpl.invoke(DelegatingMethodAccessorImpl.java:43)
	at java.lang.reflect.Method.invoke(Method.java:601)
	at java.io.ObjectStreamClass.invokeReadObject(ObjectStreamClass.java:1004)
	at java.io.ObjectInputStream.readSerialData(ObjectInputStream.java:1866)
	at java.io.ObjectInputStream.readOrdinaryObject(ObjectInputStream.java:1771)
	at java.io.ObjectInputStream.readObject0(ObjectInputStream.java:1347)
	at java.io.ObjectInputStream.skipCustomData(ObjectInputStream.java:1929)
	at java.io.ObjectInputStream.readSerialData(ObjectInputStream.java:1891)
	at java.io.ObjectInputStream.readOrdinaryObject(ObjectInputStream.java:1771)
	at java.io.ObjectInputStream.readObject0(ObjectInputStream.java:1347)
	at java.io.ObjectInputStream.defaultReadFields(ObjectInputStream.java:1964)
	at java.io.ObjectInputStream.defaultReadObject(ObjectInputStream.java:498)
	at com.google.gwt.dev.javac.CachedCompilationUnit.readObject(CachedCompilationUnit.java:204)
	at sun.reflect.GeneratedMethodAccessor22.invoke(Unknown Source)
	at sun.reflect.DelegatingMethodAccessorImpl.invoke(DelegatingMethodAccessorImpl.java:43)
	at java.lang.reflect.Method.invoke(Method.java:601)
	at java.io.ObjectStreamClass.invokeReadObject(ObjectStreamClass.java:1004)
	at java.io.ObjectInputStream.readSerialData(ObjectInputStream.java:1866)
	at java.io.ObjectInputStream.readOrdinaryObject(ObjectInputStream.java:1771)
	at java.io.ObjectInputStream.readObject0(ObjectInputStream.java:1347)
	at java.io.ObjectInputStream.skipCustomData(ObjectInputStream.java:1929)
	at java.io.ObjectInputStream.readSerialData(ObjectInputStream.java:1891)
	at java.io.ObjectInputStream.readOrdinaryObject(ObjectInputStream.java:1771)
	at java.io.ObjectInputStream.readObject0(ObjectInputStream.java:1347)
	at java.io.ObjectInputStream.defaultReadFields(ObjectInputStream.java:1964)
	at java.io.ObjectInputStream.defaultReadObject(ObjectInputStream.java:498)
	at com.google.gwt.dev.javac.CachedCompilationUnit.readObject(CachedCompilationUnit.java:204)
	at sun.reflect.GeneratedMethodAccessor22.invoke(Unknown Source)
	at sun.reflect.DelegatingMethodAccessorImpl.invoke(DelegatingMethodAccessorImpl.java:43)
	at java.lang.reflect.Method.invoke(Method.java:601)
	at java.io.ObjectStreamClass.invokeReadObject(ObjectStreamClass.java:1004)
	at java.io.ObjectInputStream.readSerialData(ObjectInputStream.java:1866)
	at java.io.ObjectInputStream.readOrdinaryObject(ObjectInputStream.java:1771)
	at java.io.ObjectInputStream.readObject0(ObjectInputStream.java:1347)
	at java.io.ObjectInputStream.skipCustomData(ObjectInputStream.java:1929)
	at java.io.ObjectInputStream.readSerialData(ObjectInputStream.java:1891)
	at java.io.ObjectInputStream.readOrdinaryObject(ObjectInputStream.java:1771)
	at java.io.ObjectInputStream.readObject0(ObjectInputStream.java:1347)
	at java.io.ObjectInputStream.defaultReadFields(ObjectInputStream.java:1964)
	at java.io.ObjectInputStream.defaultReadObject(ObjectInputStream.java:498)
	at com.google.gwt.dev.javac.CachedCompilationUnit.readObject(CachedCompilationUnit.java:204)
	at sun.reflect.GeneratedMethodAccessor22.invoke(Unknown Source)
	at sun.reflect.DelegatingMethodAccessorImpl.invoke(DelegatingMethodAccessorImpl.java:43)
	at java.lang.reflect.Method.invoke(Method.java:601)
	at java.io.ObjectStreamClass.invokeReadObject(ObjectStreamClass.java:1004)
	at java.io.ObjectInputStream.readSerialData(ObjectInputStream.java:1866)
	at java.io.ObjectInputStream.readOrdinaryObject(ObjectInputStream.java:1771)
	at java.io.ObjectInputStream.readObject0(ObjectInputStream.java:1347)
	at java.io.ObjectInputStream.skipCustomData(ObjectInputStream.java:1929)
	at java.io.ObjectInputStream.readSerialData(ObjectInputStream.java:1891)
	at java.io.ObjectInputStream.readOrdinaryObject(ObjectInputStream.java:1771)
	at java.io.ObjectInputStream.readObject0(ObjectInputStream.java:1347)
	at java.io.ObjectInputStream.defaultReadFields(ObjectInputStream.java:1964)
	at java.io.ObjectInputStream.defaultReadObject(ObjectInputStream.java:498)
	at com.google.gwt.dev.javac.CachedCompilationUnit.readObject(CachedCompilationUnit.java:204)
	at sun.reflect.GeneratedMethodAccessor22.invoke(Unknown Source)
	at sun.reflect.DelegatingMethodAccessorImpl.invoke(DelegatingMethodAccessorImpl.java:43)
	at java.lang.reflect.Method.invoke(Method.java:601)
	at java.io.ObjectStreamClass.invokeReadObject(ObjectStreamClass.java:1004)
	at java.io.ObjectInputStream.readSerialData(ObjectInputStream.java:1866)
	at java.io.ObjectInputStream.readOrdinaryObject(ObjectInputStream.java:1771)
	at java.io.ObjectInputStream.readObject0(ObjectInputStream.java:1347)
	at java.io.ObjectInputStream.skipCustomData(ObjectInputStream.java:1929)
	at java.io.ObjectInputStream.readSerialData(ObjectInputStream.java:1891)
	at java.io.ObjectInputStream.readOrdinaryObject(ObjectInputStream.java:1771)
	at java.io.ObjectInputStream.readObject0(ObjectInputStream.java:1347)
	at java.io.ObjectInputStream.defaultReadFields(ObjectInputStream.java:1964)
	at java.io.ObjectInputStream.defaultReadObject(ObjectInputStream.java:498)
	at com.google.gwt.dev.javac.CachedCompilationUnit.readObject(CachedCompilationUnit.java:204)
	at sun.reflect.GeneratedMethodAccessor22.invoke(Unknown Source)
	at sun.reflect.DelegatingMethodAccessorImpl.invoke(DelegatingMethodAccessorImpl.java:43)
	at java.lang.reflect.Method.invoke(Method.java:601)
	at java.io.ObjectStreamClass.invokeReadObject(ObjectStreamClass.java:1004)
	at java.io.ObjectInputStream.readSerialData(ObjectInputStream.java:1866)
	at java.io.ObjectInputStream.readOrdinaryObject(ObjectInputStream.java:1771)
	at java.io.ObjectInputStream.readObject0(ObjectInputStream.java:1347)
	at java.io.ObjectInputStream.skipCustomData(ObjectInputStream.java:1929)
	at java.io.ObjectInputStream.readSerialData(ObjectInputStream.java:1891)
	at java.io.ObjectInputStream.readOrdinaryObject(ObjectInputStream.java:1771)
	at java.io.ObjectInputStream.readObject0(ObjectInputStream.java:1347)
	at java.io.ObjectInputStream.defaultReadFields(ObjectInputStream.java:1964)
	at java.io.ObjectInputStream.defaultReadObject(ObjectInputStream.java:498)
	at com.google.gwt.dev.javac.CachedCompilationUnit.readObject(CachedCompilationUnit.java:204)
	at sun.reflect.GeneratedMethodAccessor22.invoke(Unknown Source)
	at sun.reflect.DelegatingMethodAccessorImpl.invoke(DelegatingMethodAccessorImpl.java:43)
	at java.lang.reflect.Method.invoke(Method.java:601)
	at java.io.ObjectStreamClass.invokeReadObject(ObjectStreamClass.java:1004)
	at java.io.ObjectInputStream.readSerialData(ObjectInputStream.java:1866)
	at java.io.ObjectInputStream.readOrdinaryObject(ObjectInputStream.java:1771)
	at java.io.ObjectInputStream.readObject0(ObjectInputStream.java:1347)
	at java.io.ObjectInputStream.skipCustomData(ObjectInputStream.java:1929)
	at java.io.ObjectInputStream.readSerialData(ObjectInputStream.java:1891)
	at java.io.ObjectInputStream.readOrdinaryObject(ObjectInputStream.java:1771)
	at java.io.ObjectInputStream.readObject0(ObjectInputStream.java:1347)
	at java.io.ObjectInputStream.defaultReadFields(ObjectInputStream.java:1964)
	at java.io.ObjectInputStream.defaultReadObject(ObjectInputStream.java:498)
	at com.google.gwt.dev.javac.CachedCompilationUnit.readObject(CachedCompilationUnit.java:204)
	at sun.reflect.GeneratedMethodAccessor22.invoke(Unknown Source)
	at sun.reflect.DelegatingMethodAccessorImpl.invoke(DelegatingMethodAccessorImpl.java:43)
	at java.lang.reflect.Method.invoke(Method.java:601)
	at java.io.ObjectStreamClass.invokeReadObject(ObjectStreamClass.java:1004)
	at java.io.ObjectInputStream.readSerialData(ObjectInputStream.java:1866)
	at java.io.ObjectInputStream.readOrdinaryObject(ObjectInputStream.java:1771)
	at java.io.ObjectInputStream.readObject0(ObjectInputStream.java:1347)
	at java.io.ObjectInputStream.skipCustomData(ObjectInputStream.java:1929)
	at java.io.ObjectInputStream.readSerialData(ObjectInputStream.java:1891)
	at java.io.ObjectInputStream.readOrdinaryObject(ObjectInputStream.java:1771)
	at java.io.ObjectInputStream.readObject0(ObjectInputStream.java:1347)
	at java.io.ObjectInputStream.defaultReadFields(ObjectInputStream.java:1964)
	at java.io.ObjectInputStream.defaultReadObject(ObjectInputStream.java:498)
	at com.google.gwt.dev.javac.CachedCompilationUnit.readObject(CachedCompilationUnit.java:204)
	at sun.reflect.GeneratedMethodAccessor22.invoke(Unknown Source)
	at sun.reflect.DelegatingMethodAccessorImpl.invoke(DelegatingMethodAccessorImpl.java:43)
	at java.lang.reflect.Method.invoke(Method.java:601)
	at java.io.ObjectStreamClass.invokeReadObject(ObjectStreamClass.java:1004)
	at java.io.ObjectInputStream.readSerialData(ObjectInputStream.java:1866)
	at java.io.ObjectInputStream.readOrdinaryObject(ObjectInputStream.java:1771)
	at java.io.ObjectInputStream.readObject0(ObjectInputStream.java:1347)
	at java.io.ObjectInputStream.skipCustomData(ObjectInputStream.java:1929)
	at java.io.ObjectInputStream.readSerialData(ObjectInputStream.java:1891)
	at java.io.ObjectInputStream.readOrdinaryObject(ObjectInputStream.java:1771)
	at java.io.ObjectInputStream.readObject0(ObjectInputStream.java:1347)
	at java.io.ObjectInputStream.defaultReadFields(ObjectInputStream.java:1964)
	at java.io.ObjectInputStream.defaultReadObject(ObjectInputStream.java:498)
	at com.google.gwt.dev.javac.CachedCompilationUnit.readObject(CachedCompilationUnit.java:204)
	at sun.reflect.GeneratedMethodAccessor22.invoke(Unknown Source)
	at sun.reflect.DelegatingMethodAccessorImpl.invoke(DelegatingMethodAccessorImpl.java:43)
	at java.lang.reflect.Method.invoke(Method.java:601)
	at java.io.ObjectStreamClass.invokeReadObject(ObjectStreamClass.java:1004)
	at java.io.ObjectInputStream.readSerialData(ObjectInputStream.java:1866)
	at java.io.ObjectInputStream.readOrdinaryObject(ObjectInputStream.java:1771)
	at java.io.ObjectInputStream.readObject0(ObjectInputStream.java:1347)
	at java.io.ObjectInputStream.skipCustomData(ObjectInputStream.java:1929)
	at java.io.ObjectInputStream.readSerialData(ObjectInputStream.java:1891)
	at java.io.ObjectInputStream.readOrdinaryObject(ObjectInputStream.java:1771)
	at java.io.ObjectInputStream.readObject0(ObjectInputStream.java:1347)
	at java.io.ObjectInputStream.defaultReadFields(ObjectInputStream.java:1964)
	at java.io.ObjectInputStream.defaultReadObject(ObjectInputStream.java:498)
	at com.google.gwt.dev.javac.CachedCompilationUnit.readObject(CachedCompilationUnit.java:204)
	at sun.reflect.GeneratedMethodAccessor22.invoke(Unknown Source)
	at sun.reflect.DelegatingMethodAccessorImpl.invoke(DelegatingMethodAccessorImpl.java:43)
	at java.lang.reflect.Method.invoke(Method.java:601)
	at java.io.ObjectStreamClass.invokeReadObject(ObjectStreamClass.java:1004)
	at java.io.ObjectInputStream.readSerialData(ObjectInputStream.java:1866)
	at java.io.ObjectInputStream.readOrdinaryObject(ObjectInputStream.java:1771)
	at java.io.ObjectInputStream.readObject0(ObjectInputStream.java:1347)
	at java.io.ObjectInputStream.skipCustomData(ObjectInputStream.java:1929)
	at java.io.ObjectInputStream.readSerialData(ObjectInputStream.java:1891)
	at java.io.ObjectInputStream.readOrdinaryObject(ObjectInputStream.java:1771)
	at java.io.ObjectInputStream.readObject0(ObjectInputStream.java:1347)
	at java.io.ObjectInputStream.defaultReadFields(ObjectInputStream.java:1964)
	at java.io.ObjectInputStream.defaultReadObject(ObjectInputStream.java:498)
	at com.google.gwt.dev.javac.CachedCompilationUnit.readObject(CachedCompilationUnit.java:204)
	at sun.reflect.GeneratedMethodAccessor22.invoke(Unknown Source)
	at sun.reflect.DelegatingMethodAccessorImpl.invoke(DelegatingMethodAccessorImpl.java:43)
	at java.lang.reflect.Method.invoke(Method.java:601)
	at java.io.ObjectStreamClass.invokeReadObject(ObjectStreamClass.java:1004)
	at java.io.ObjectInputStream.readSerialData(ObjectInputStream.java:1866)
	at java.io.ObjectInputStream.readOrdinaryObject(ObjectInputStream.java:1771)
	at java.io.ObjectInputStream.readObject0(ObjectInputStream.java:1347)
	at java.io.ObjectInputStream.skipCustomData(ObjectInputStream.java:1929)
	at java.io.ObjectInputStream.readSerialData(ObjectInputStream.java:1891)
	at java.io.ObjectInputStream.readOrdinaryObject(ObjectInputStream.java:1771)
	at java.io.ObjectInputStream.readObject0(ObjectInputStream.java:1347)
	at java.io.ObjectInputStream.defaultReadFields(ObjectInputStream.java:1964)
	at java.io.ObjectInputStream.defaultReadObject(ObjectInputStream.java:498)
	at com.google.gwt.dev.javac.CachedCompilationUnit.readObject(CachedCompilationUnit.java:204)
	at sun.reflect.GeneratedMethodAccessor22.invoke(Unknown Source)
	at sun.reflect.DelegatingMethodAccessorImpl.invoke(DelegatingMethodAccessorImpl.java:43)
	at java.lang.reflect.Method.invoke(Method.java:601)
	at java.io.ObjectStreamClass.invokeReadObject(ObjectStreamClass.java:1004)
	at java.io.ObjectInputStream.readSerialData(ObjectInputStream.java:1866)
	at java.io.ObjectInputStream.readOrdinaryObject(ObjectInputStream.java:1771)
	at java.io.ObjectInputStream.readObject0(ObjectInputStream.java:1347)
	at java.io.ObjectInputStream.skipCustomData(ObjectInputStream.java:1929)
	at java.io.ObjectInputStream.readSerialData(ObjectInputStream.java:1891)
	at java.io.ObjectInputStream.readOrdinaryObject(ObjectInputStream.java:1771)
	at java.io.ObjectInputStream.readObject0(ObjectInputStream.java:1347)
	at java.io.ObjectInputStream.defaultReadFields(ObjectInputStream.java:1964)
	at java.io.ObjectInputStream.defaultReadObject(ObjectInputStream.java:498)
	at com.google.gwt.dev.javac.CachedCompilationUnit.readObject(CachedCompilationUnit.java:204)
	at sun.reflect.GeneratedMethodAccessor22.invoke(Unknown Source)
	at sun.reflect.DelegatingMethodAccessorImpl.invoke(DelegatingMethodAccessorImpl.java:43)
	at java.lang.reflect.Method.invoke(Method.java:601)
	at java.io.ObjectStreamClass.invokeReadObject(ObjectStreamClass.java:1004)
	at java.io.ObjectInputStream.readSerialData(ObjectInputStream.java:1866)
	at java.io.ObjectInputStream.readOrdinaryObject(ObjectInputStream.java:1771)
	at java.io.ObjectInputStream.readObject0(ObjectInputStream.java:1347)
	at java.io.ObjectInputStream.skipCustomData(ObjectInputStream.java:1929)
	at java.io.ObjectInputStream.readSerialData(ObjectInputStream.java:1891)
	at java.io.ObjectInputStream.readOrdinaryObject(ObjectInputStream.java:1771)
	at java.io.ObjectInputStream.readObject0(ObjectInputStream.java:1347)
	at java.io.ObjectInputStream.defaultReadFields(ObjectInputStream.java:1964)
	at java.io.ObjectInputStream.defaultReadObject(ObjectInputStream.java:498)
	at com.google.gwt.dev.javac.CachedCompilationUnit.readObject(CachedCompilationUnit.java:204)
	at sun.reflect.GeneratedMethodAccessor22.invoke(Unknown Source)
	at sun.reflect.DelegatingMethodAccessorImpl.invoke(DelegatingMethodAccessorImpl.java:43)
	at java.lang.reflect.Method.invoke(Method.java:601)
	at java.io.ObjectStreamClass.invokeReadObject(ObjectStreamClass.java:1004)
	at java.io.ObjectInputStream.readSerialData(ObjectInputStream.java:1866)
	at java.io.ObjectInputStream.readOrdinaryObject(ObjectInputStream.java:1771)
	at java.io.ObjectInputStream.readObject0(ObjectInputStream.java:1347)
	at java.io.ObjectInputStream.skipCustomData(ObjectInputStream.java:1929)
	at java.io.ObjectInputStream.readSerialData(ObjectInputStream.java:1891)
	at java.io.ObjectInputStream.readOrdinaryObject(ObjectInputStream.java:1771)
	at java.io.ObjectInputStream.readObject0(ObjectInputStream.java:1347)
	at java.io.ObjectInputStream.defaultReadFields(ObjectInputStream.java:1964)
	at java.io.ObjectInputStream.defaultReadObject(ObjectInputStream.java:498)
	at com.google.gwt.dev.javac.CachedCompilationUnit.readObject(CachedCompilationUnit.java:204)
	at sun.reflect.GeneratedMethodAccessor22.invoke(Unknown Source)
	at sun.reflect.DelegatingMethodAccessorImpl.invoke(DelegatingMethodAccessorImpl.java:43)
	at java.lang.reflect.Method.invoke(Method.java:601)
	at java.io.ObjectStreamClass.invokeReadObject(ObjectStreamClass.java:1004)
	at java.io.ObjectInputStream.readSerialData(ObjectInputStream.java:1866)
	at java.io.ObjectInputStream.readOrdinaryObject(ObjectInputStream.java:1771)
	at java.io.ObjectInputStream.readObject0(ObjectInputStream.java:1347)
	at java.io.ObjectInputStream.skipCustomData(ObjectInputStream.java:1929)
	at java.io.ObjectInputStream.readSerialData(ObjectInputStream.java:1891)
	at java.io.ObjectInputStream.readOrdinaryObject(ObjectInputStream.java:1771)
	at java.io.ObjectInputStream.readObject0(ObjectInputStream.java:1347)
	at java.io.ObjectInputStream.defaultReadFields(ObjectInputStream.java:1964)
	at java.io.ObjectInputStream.defaultReadObject(ObjectInputStream.java:498)
	at com.google.gwt.dev.javac.CachedCompilationUnit.readObject(CachedCompilationUnit.java:204)
	at sun.reflect.GeneratedMethodAccessor22.invoke(Unknown Source)
	at sun.reflect.DelegatingMethodAccessorImpl.invoke(DelegatingMethodAccessorImpl.java:43)
	at java.lang.reflect.Method.invoke(Method.java:601)
	at java.io.ObjectStreamClass.invokeReadObject(ObjectStreamClass.java:1004)
	at java.io.ObjectInputStream.readSerialData(ObjectInputStream.java:1866)
	at java.io.ObjectInputStream.readOrdinaryObject(ObjectInputStream.java:1771)
	at java.io.ObjectInputStream.readObject0(ObjectInputStream.java:1347)
	at java.io.ObjectInputStream.skipCustomData(ObjectInputStream.java:1929)
	at java.io.ObjectInputStream.readSerialData(ObjectInputStream.java:1891)
	at java.io.ObjectInputStream.readOrdinaryObject(ObjectInputStream.java:1771)
	at java.io.ObjectInputStream.readObject0(ObjectInputStream.java:1347)
	at java.io.ObjectInputStream.defaultReadFields(ObjectInputStream.java:1964)
	at java.io.ObjectInputStream.defaultReadObject(ObjectInputStream.java:498)
	at com.google.gwt.dev.javac.CachedCompilationUnit.readObject(CachedCompilationUnit.java:204)
	at sun.reflect.GeneratedMethodAccessor22.invoke(Unknown Source)
	at sun.reflect.DelegatingMethodAccessorImpl.invoke(DelegatingMethodAccessorImpl.java:43)
	at java.lang.reflect.Method.invoke(Method.java:601)
	at java.io.ObjectStreamClass.invokeReadObject(ObjectStreamClass.java:1004)
	at java.io.ObjectInputStream.readSerialData(ObjectInputStream.java:1866)
	at java.io.ObjectInputStream.readOrdinaryObject(ObjectInputStream.java:1771)
	at java.io.ObjectInputStream.readObject0(ObjectInputStream.java:1347)
	at java.io.ObjectInputStream.skipCustomData(ObjectInputStream.java:1929)
	at java.io.ObjectInputStream.readSerialData(ObjectInputStream.java:1891)
	at java.io.ObjectInputStream.readOrdinaryObject(ObjectInputStream.java:1771)
	at java.io.ObjectInputStream.readObject0(ObjectInputStream.java:1347)
	at java.io.ObjectInputStream.defaultReadFields(ObjectInputStream.java:1964)
	at java.io.ObjectInputStream.defaultReadObject(ObjectInputStream.java:498)
	at com.google.gwt.dev.javac.CachedCompilationUnit.readObject(CachedCompilationUnit.java:204)
	at sun.reflect.GeneratedMethodAccessor22.invoke(Unknown Source)
	at sun.reflect.DelegatingMethodAccessorImpl.invoke(DelegatingMethodAccessorImpl.java:43)
	at java.lang.reflect.Method.invoke(Method.java:601)
	at java.io.ObjectStreamClass.invokeReadObject(ObjectStreamClass.java:1004)
	at java.io.ObjectInputStream.readSerialData(ObjectInputStream.java:1866)
	at java.io.ObjectInputStream.readOrdinaryObject(ObjectInputStream.java:1771)
	at java.io.ObjectInputStream.readObject0(ObjectInputStream.java:1347)
	at java.io.ObjectInputStream.skipCustomData(ObjectInputStream.java:1929)
	at java.io.ObjectInputStream.readSerialData(ObjectInputStream.java:1891)
	at java.io.ObjectInputStream.readOrdinaryObject(ObjectInputStream.java:1771)
	at java.io.ObjectInputStream.readObject0(ObjectInputStream.java:1347)
	at java.io.ObjectInputStream.defaultReadFields(ObjectInputStream.java:1964)
	at java.io.ObjectInputStream.defaultReadObject(ObjectInputStream.java:498)
	at com.google.gwt.dev.javac.CachedCompilationUnit.readObject(CachedCompilationUnit.java:204)
	at sun.reflect.GeneratedMethodAccessor22.invoke(Unknown Source)
	at sun.reflect.DelegatingMethodAccessorImpl.invoke(DelegatingMethodAccessorImpl.java:43)
	at java.lang.reflect.Method.invoke(Method.java:601)
	at java.io.ObjectStreamClass.invokeReadObject(ObjectStreamClass.java:1004)
	at java.io.ObjectInputStream.readSerialData(ObjectInputStream.java:1866)
	at java.io.ObjectInputStream.readOrdinaryObject(ObjectInputStream.java:1771)
	at java.io.ObjectInputStream.readObject0(ObjectInputStream.java:1347)
	at java.io.ObjectInputStream.skipCustomData(ObjectInputStream.java:1929)
	at java.io.ObjectInputStream.readSerialData(ObjectInputStream.java:1891)
	at java.io.ObjectInputStream.readOrdinaryObject(ObjectInputStream.java:1771)
	at java.io.ObjectInputStream.readObject0(ObjectInputStream.java:1347)
	at java.io.ObjectInputStream.defaultReadFields(ObjectInputStream.java:1964)
	at java.io.ObjectInputStream.defaultReadObject(ObjectInputStream.java:498)
	at com.google.gwt.dev.javac.CachedCompilationUnit.readObject(CachedCompilationUnit.java:204)
	at sun.reflect.GeneratedMethodAccessor22.invoke(Unknown Source)
	at sun.reflect.DelegatingMethodAccessorImpl.invoke(DelegatingMethodAccessorImpl.java:43)
	at java.lang.reflect.Method.invoke(Method.java:601)
	at java.io.ObjectStreamClass.invokeReadObject(ObjectStreamClass.java:1004)
	at java.io.ObjectInputStream.readSerialData(ObjectInputStream.java:1866)
	at java.io.ObjectInputStream.readOrdinaryObject(ObjectInputStream.java:1771)
	at java.io.ObjectInputStream.readObject0(ObjectInputStream.java:1347)
	at java.io.ObjectInputStream.skipCustomData(ObjectInputStream.java:1929)
	at java.io.ObjectInputStream.readSerialData(ObjectInputStream.java:1891)
	at java.io.ObjectInputStream.readOrdinaryObject(ObjectInputStream.java:1771)
	at java.io.ObjectInputStream.readObject0(ObjectInputStream.java:1347)
	at java.io.ObjectInputStream.defaultReadFields(ObjectInputStream.java:1964)
	at java.io.ObjectInputStream.defaultReadObject(ObjectInputStream.java:498)
	at com.google.gwt.dev.javac.CachedCompilationUnit.readObject(CachedCompilationUnit.java:204)
	at sun.reflect.GeneratedMethodAccessor22.invoke(Unknown Source)
	at sun.reflect.DelegatingMethodAccessorImpl.invoke(DelegatingMethodAccessorImpl.java:43)
	at java.lang.reflect.Method.invoke(Method.java:601)
	at java.io.ObjectStreamClass.invokeReadObject(ObjectStreamClass.java:1004)
	at java.io.ObjectInputStream.readSerialData(ObjectInputStream.java:1866)
	at java.io.ObjectInputStream.readOrdinaryObject(ObjectInputStream.java:1771)
	at java.io.ObjectInputStream.readObject0(ObjectInputStream.java:1347)
	at java.io.ObjectInputStream.skipCustomData(ObjectInputStream.java:1929)
	at java.io.ObjectInputStream.readSerialData(ObjectInputStream.java:1891)
	at java.io.ObjectInputStream.readOrdinaryObject(ObjectInputStream.java:1771)
	at java.io.ObjectInputStream.readObject0(ObjectInputStream.java:1347)
	at java.io.ObjectInputStream.defaultReadFields(ObjectInputStream.java:1964)
	at java.io.ObjectInputStream.defaultReadObject(ObjectInputStream.java:498)
	at com.google.gwt.dev.javac.CachedCompilationUnit.readObject(CachedCompilationUnit.java:204)
	at sun.reflect.GeneratedMethodAccessor22.invoke(Unknown Source)
	at sun.reflect.DelegatingMethodAccessorImpl.invoke(DelegatingMethodAccessorImpl.java:43)
	at java.lang.reflect.Method.invoke(Method.java:601)
	at java.io.ObjectStreamClass.invokeReadObject(ObjectStreamClass.java:1004)
	at java.io.ObjectInputStream.readSerialData(ObjectInputStream.java:1866)
	at java.io.ObjectInputStream.readOrdinaryObject(ObjectInputStream.java:1771)
	at java.io.ObjectInputStream.readObject0(ObjectInputStream.java:1347)
	at java.io.ObjectInputStream.skipCustomData(ObjectInputStream.java:1929)
	at java.io.ObjectInputStream.readSerialData(ObjectInputStream.java:1891)
	at java.io.ObjectInputStream.readOrdinaryObject(ObjectInputStream.java:1771)
	at java.io.ObjectInputStream.readObject0(ObjectInputStream.java:1347)
	at java.io.ObjectInputStream.defaultReadFields(ObjectInputStream.java:1964)
	at java.io.ObjectInputStream.defaultReadObject(ObjectInputStream.java:498)
	at com.google.gwt.dev.javac.CachedCompilationUnit.readObject(CachedCompilationUnit.java:204)
	at sun.reflect.GeneratedMethodAccessor22.invoke(Unknown Source)
	at sun.reflect.DelegatingMethodAccessorImpl.invoke(DelegatingMethodAccessorImpl.java:43)
	at java.lang.reflect.Method.invoke(Method.java:601)
	at java.io.ObjectStreamClass.invokeReadObject(ObjectStreamClass.java:1004)
	at java.io.ObjectInputStream.readSerialData(ObjectInputStream.java:1866)
	at java.io.ObjectInputStream.readOrdinaryObject(ObjectInputStream.java:1771)
	at java.io.ObjectInputStream.readObject0(ObjectInputStream.java:1347)
	at java.io.ObjectInputStream.skipCustomData(ObjectInputStream.java:1929)
	at java.io.ObjectInputStream.readSerialData(ObjectInputStream.java:1891)
	at java.io.ObjectInputStream.readOrdinaryObject(ObjectInputStream.java:1771)
	at java.io.ObjectInputStream.readObject0(ObjectInputStream.java:1347)
	at java.io.ObjectInputStream.defaultReadFields(ObjectInputStream.java:1964)
	at java.io.ObjectInputStream.defaultReadObject(ObjectInputStream.java:498)
	at com.google.gwt.dev.javac.CachedCompilationUnit.readObject(CachedCompilationUnit.java:204)
	at sun.reflect.GeneratedMethodAccessor22.invoke(Unknown Source)
	at sun.reflect.DelegatingMethodAccessorImpl.invoke(DelegatingMethodAccessorImpl.java:43)
	at java.lang.reflect.Method.invoke(Method.java:601)
	at java.io.ObjectStreamClass.invokeReadObject(ObjectStreamClass.java:1004)
	at java.io.ObjectInputStream.readSerialData(ObjectInputStream.java:1866)
	at java.io.ObjectInputStream.readOrdinaryObject(ObjectInputStream.java:1771)
	at java.io.ObjectInputStream.readObject0(ObjectInputStream.java:1347)
	at java.io.ObjectInputStream.skipCustomData(ObjectInputStream.java:1929)
	at java.io.ObjectInputStream.readSerialData(ObjectInputStream.java:1891)
	at java.io.ObjectInputStream.readOrdinaryObject(ObjectInputStream.java:1771)
	at java.io.ObjectInputStream.readObject0(ObjectInputStream.java:1347)
	at java.io.ObjectInputStream.defaultReadFields(ObjectInputStream.java:1964)
	at java.io.ObjectInputStream.defaultReadObject(ObjectInputStream.java:498)
	at com.google.gwt.dev.javac.CachedCompilationUnit.readObject(CachedCompilationUnit.java:204)
	at sun.reflect.GeneratedMethodAccessor22.invoke(Unknown Source)
	at sun.reflect.DelegatingMethodAccessorImpl.invoke(DelegatingMethodAccessorImpl.java:43)
	at java.lang.reflect.Method.invoke(Method.java:601)
	at java.io.ObjectStreamClass.invokeReadObject(ObjectStreamClass.java:1004)
	at java.io.ObjectInputStream.readSerialData(ObjectInputStream.java:1866)
	at java.io.ObjectInputStream.readOrdinaryObject(ObjectInputStream.java:1771)
	at java.io.ObjectInputStream.readObject0(ObjectInputStream.java:1347)
	at java.io.ObjectInputStream.skipCustomData(ObjectInputStream.java:1929)
	at java.io.ObjectInputStream.readSerialData(ObjectInputStream.java:1891)
	at java.io.ObjectInputStream.readOrdinaryObject(ObjectInputStream.java:1771)
	at java.io.ObjectInputStream.readObject0(ObjectInputStream.java:1347)
	at java.io.ObjectInputStream.defaultReadFields(ObjectInputStream.java:1964)
	at java.io.ObjectInputStream.defaultReadObject(ObjectInputStream.java:498)
	at com.google.gwt.dev.javac.CachedCompilationUnit.readObject(CachedCompilationUnit.java:204)
	at sun.reflect.GeneratedMethodAccessor22.invoke(Unknown Source)
	at sun.reflect.DelegatingMethodAccessorImpl.invoke(DelegatingMethodAccessorImpl.java:43)
	at java.lang.reflect.Method.invoke(Method.java:601)
	at java.io.ObjectStreamClass.invokeReadObject(ObjectStreamClass.java:1004)
	at java.io.ObjectInputStream.readSerialData(ObjectInputStream.java:1866)
	at java.io.ObjectInputStream.readOrdinaryObject(ObjectInputStream.java:1771)
	at java.io.ObjectInputStream.readObject0(ObjectInputStream.java:1347)
	at java.io.ObjectInputStream.skipCustomData(ObjectInputStream.java:1929)
	at java.io.ObjectInputStream.readSerialData(ObjectInputStream.java:1891)
	at java.io.ObjectInputStream.readOrdinaryObject(ObjectInputStream.java:1771)
	at java.io.ObjectInputStream.readObject0(ObjectInputStream.java:1347)
	at java.io.ObjectInputStream.defaultReadFields(ObjectInputStream.java:1964)
	at java.io.ObjectInputStream.defaultReadObject(ObjectInputStream.java:498)
	at com.google.gwt.dev.javac.CachedCompilationUnit.readObject(CachedCompilationUnit.java:204)
	at sun.reflect.GeneratedMethodAccessor22.invoke(Unknown Source)
	at sun.reflect.DelegatingMethodAccessorImpl.invoke(DelegatingMethodAccessorImpl.java:43)
	at java.lang.reflect.Method.invoke(Method.java:601)
	at java.io.ObjectStreamClass.invokeReadObject(ObjectStreamClass.java:1004)
	at java.io.ObjectInputStream.readSerialData(ObjectInputStream.java:1866)
	at java.io.ObjectInputStream.readOrdinaryObject(ObjectInputStream.java:1771)
	at java.io.ObjectInputStream.readObject0(ObjectInputStream.java:1347)
	at java.io.ObjectInputStream.skipCustomData(ObjectInputStream.java:1929)
	at java.io.ObjectInputStream.readSerialData(ObjectInputStream.java:1891)
	at java.io.ObjectInputStream.readOrdinaryObject(ObjectInputStream.java:1771)
	at java.io.ObjectInputStream.readObject0(ObjectInputStream.java:1347)
	at java.io.ObjectInputStream.defaultReadFields(ObjectInputStream.java:1964)
	at java.io.ObjectInputStream.defaultReadObject(ObjectInputStream.java:498)
	at com.google.gwt.dev.javac.CachedCompilationUnit.readObject(CachedCompilationUnit.java:204)
	at sun.reflect.GeneratedMethodAccessor22.invoke(Unknown Source)
	at sun.reflect.DelegatingMethodAccessorImpl.invoke(DelegatingMethodAccessorImpl.java:43)
	at java.lang.reflect.Method.invoke(Method.java:601)
	at java.io.ObjectStreamClass.invokeReadObject(ObjectStreamClass.java:1004)
	at java.io.ObjectInputStream.readSerialData(ObjectInputStream.java:1866)
	at java.io.ObjectInputStream.readOrdinaryObject(ObjectInputStream.java:1771)
	at java.io.ObjectInputStream.readObject0(ObjectInputStream.java:1347)
	at java.io.ObjectInputStream.skipCustomData(ObjectInputStream.java:1929)
	at java.io.ObjectInputStream.readSerialData(ObjectInputStream.java:1891)
	at java.io.ObjectInputStream.readOrdinaryObject(ObjectInputStream.java:1771)
	at java.io.ObjectInputStream.readObject0(ObjectInputStream.java:1347)
	at java.io.ObjectInputStream.defaultReadFields(ObjectInputStream.java:1964)
	at java.io.ObjectInputStream.defaultReadObject(ObjectInputStream.java:498)
	at com.google.gwt.dev.javac.CachedCompilationUnit.readObject(CachedCompilationUnit.java:204)
	at sun.reflect.GeneratedMethodAccessor22.invoke(Unknown Source)
	at sun.reflect.DelegatingMethodAccessorImpl.invoke(DelegatingMethodAccessorImpl.java:43)
	at java.lang.reflect.Method.invoke(Method.java:601)
	at java.io.ObjectStreamClass.invokeReadObject(ObjectStreamClass.java:1004)
	at java.io.ObjectInputStream.readSerialData(ObjectInputStream.java:1866)
	at java.io.ObjectInputStream.readOrdinaryObject(ObjectInputStream.java:1771)
	at java.io.ObjectInputStream.readObject0(ObjectInputStream.java:1347)
	at java.io.ObjectInputStream.skipCustomData(ObjectInputStream.java:1929)
	at java.io.ObjectInputStream.readSerialData(ObjectInputStream.java:1891)
	at java.io.ObjectInputStream.readOrdinaryObject(ObjectInputStream.java:1771)
	at java.io.ObjectInputStream.readObject0(ObjectInputStream.java:1347)
	at java.io.ObjectInputStream.defaultReadFields(ObjectInputStream.java:1964)
	at java.io.ObjectInputStream.defaultReadObject(ObjectInputStream.java:498)
	at com.google.gwt.dev.javac.CachedCompilationUnit.readObject(CachedCompilationUnit.java:204)
	at sun.reflect.GeneratedMethodAccessor22.invoke(Unknown Source)
	at sun.reflect.DelegatingMethodAccessorImpl.invoke(DelegatingMethodAccessorImpl.java:43)
	at java.lang.reflect.Method.invoke(Method.java:601)
	at java.io.ObjectStreamClass.invokeReadObject(ObjectStreamClass.java:1004)
	at java.io.ObjectInputStream.readSerialData(ObjectInputStream.java:1866)
	at java.io.ObjectInputStream.readOrdinaryObject(ObjectInputStream.java:1771)
	at java.io.ObjectInputStream.readObject0(ObjectInputStream.java:1347)
	at java.io.ObjectInputStream.skipCustomData(ObjectInputStream.java:1929)
	at java.io.ObjectInputStream.readSerialData(ObjectInputStream.java:1891)
	at java.io.ObjectInputStream.readOrdinaryObject(ObjectInputStream.java:1771)
	at java.io.ObjectInputStream.readObject0(ObjectInputStream.java:1347)
	at java.io.ObjectInputStream.defaultReadFields(ObjectInputStream.java:1964)
	at java.io.ObjectInputStream.defaultReadObject(ObjectInputStream.java:498)
	at com.google.gwt.dev.javac.CachedCompilationUnit.readObject(CachedCompilationUnit.java:204)
	at sun.reflect.GeneratedMethodAccessor22.invoke(Unknown Source)
	at sun.reflect.DelegatingMethodAccessorImpl.invoke(DelegatingMethodAccessorImpl.java:43)
	at java.lang.reflect.Method.invoke(Method.java:601)
	at java.io.ObjectStreamClass.invokeReadObject(ObjectStreamClass.java:1004)
	at java.io.ObjectInputStream.readSerialData(ObjectInputStream.java:1866)
	at java.io.ObjectInputStream.readOrdinaryObject(ObjectInputStream.java:1771)
	at java.io.ObjectInputStream.readObject0(ObjectInputStream.java:1347)
	at java.io.ObjectInputStream.skipCustomData(ObjectInputStream.java:1929)
	at java.io.ObjectInputStream.readSerialData(ObjectInputStream.java:1891)
	at java.io.ObjectInputStream.readOrdinaryObject(ObjectInputStream.java:1771)
	at java.io.ObjectInputStream.readObject0(ObjectInputStream.java:1347)
	at java.io.ObjectInputStream.defaultReadFields(ObjectInputStream.java:1964)
	at java.io.ObjectInputStream.defaultReadObject(ObjectInputStream.java:498)
	at com.google.gwt.dev.javac.CachedCompilationUnit.readObject(CachedCompilationUnit.java:204)
	at sun.reflect.GeneratedMethodAccessor22.invoke(Unknown Source)
	at sun.reflect.DelegatingMethodAccessorImpl.invoke(DelegatingMethodAccessorImpl.java:43)
	at java.lang.reflect.Method.invoke(Method.java:601)
	at java.io.ObjectStreamClass.invokeReadObject(ObjectStreamClass.java:1004)
	at java.io.ObjectInputStream.readSerialData(ObjectInputStream.java:1866)
	at java.io.ObjectInputStream.readOrdinaryObject(ObjectInputStream.java:1771)
	at java.io.ObjectInputStream.readObject0(ObjectInputStream.java:1347)
	at java.io.ObjectInputStream.skipCustomData(ObjectInputStream.java:1929)
	at java.io.ObjectInputStream.readSerialData(ObjectInputStream.java:1891)
	at java.io.ObjectInputStream.readOrdinaryObject(ObjectInputStream.java:1771)
	at java.io.ObjectInputStream.readObject0(ObjectInputStream.java:1347)
	at java.io.ObjectInputStream.defaultReadFields(ObjectInputStream.java:1964)
	at java.io.ObjectInputStream.defaultReadObject(ObjectInputStream.java:498)
	at com.google.gwt.dev.javac.CachedCompilationUnit.readObject(CachedCompilationUnit.java:204)
	at sun.reflect.GeneratedMethodAccessor22.invoke(Unknown Source)
	at sun.reflect.DelegatingMethodAccessorImpl.invoke(DelegatingMethodAccessorImpl.java:43)
	at java.lang.reflect.Method.invoke(Method.java:601)
	at java.io.ObjectStreamClass.invokeReadObject(ObjectStreamClass.java:1004)
	at java.io.ObjectInputStream.readSerialData(ObjectInputStream.java:1866)
	at java.io.ObjectInputStream.readOrdinaryObject(ObjectInputStream.java:1771)
	at java.io.ObjectInputStream.readObject0(ObjectInputStream.java:1347)
	at java.io.ObjectInputStream.skipCustomData(ObjectInputStream.java:1929)
	at java.io.ObjectInputStream.readSerialData(ObjectInputStream.java:1891)
	at java.io.ObjectInputStream.readOrdinaryObject(ObjectInputStream.java:1771)
	at java.io.ObjectInputStream.readObject0(ObjectInputStream.java:1347)
	at java.io.ObjectInputStream.defaultReadFields(ObjectInputStream.java:1964)
	at java.io.ObjectInputStream.defaultReadObject(ObjectInputStream.java:498)
	at com.google.gwt.dev.javac.CachedCompilationUnit.readObject(CachedCompilationUnit.java:204)
	at sun.reflect.GeneratedMethodAccessor22.invoke(Unknown Source)
	at sun.reflect.DelegatingMethodAccessorImpl.invoke(DelegatingMethodAccessorImpl.java:43)
	at java.lang.reflect.Method.invoke(Method.java:601)
	at java.io.ObjectStreamClass.invokeReadObject(ObjectStreamClass.java:1004)
	at java.io.ObjectInputStream.readSerialData(ObjectInputStream.java:1866)
	at java.io.ObjectInputStream.readOrdinaryObject(ObjectInputStream.java:1771)
	at java.io.ObjectInputStream.readObject0(ObjectInputStream.java:1347)
	at java.io.ObjectInputStream.skipCustomData(ObjectInputStream.java:1929)
	at java.io.ObjectInputStream.readSerialData(ObjectInputStream.java:1891)
	at java.io.ObjectInputStream.readOrdinaryObject(ObjectInputStream.java:1771)
	at java.io.ObjectInputStream.readObject0(ObjectInputStream.java:1347)
	at java.io.ObjectInputStream.defaultReadFields(ObjectInputStream.java:1964)
	at java.io.ObjectInputStream.defaultReadObject(ObjectInputStream.java:498)
	at com.google.gwt.dev.javac.CachedCompilationUnit.readObject(CachedCompilationUnit.java:204)
	at sun.reflect.GeneratedMethodAccessor22.invoke(Unknown Source)
	at sun.reflect.DelegatingMethodAccessorImpl.invoke(DelegatingMethodAccessorImpl.java:43)
	at java.lang.reflect.Method.invoke(Method.java:601)
	at java.io.ObjectStreamClass.invokeReadObject(ObjectStreamClass.java:1004)
	at java.io.ObjectInputStream.readSerialData(ObjectInputStream.java:1866)
	at java.io.ObjectInputStream.readOrdinaryObject(ObjectInputStream.java:1771)
	at java.io.ObjectInputStream.readObject0(ObjectInputStream.java:1347)
	at java.io.ObjectInputStream.skipCustomData(ObjectInputStream.java:1929)
	at java.io.ObjectInputStream.readSerialData(ObjectInputStream.java:1891)
	at java.io.ObjectInputStream.readOrdinaryObject(ObjectInputStream.java:1771)
	at java.io.ObjectInputStream.readObject0(ObjectInputStream.java:1347)
	at java.io.ObjectInputStream.defaultReadFields(ObjectInputStream.java:1964)
	at java.io.ObjectInputStream.defaultReadObject(ObjectInputStream.java:498)
	at com.google.gwt.dev.javac.CachedCompilationUnit.readObject(CachedCompilationUnit.java:204)
	at sun.reflect.GeneratedMethodAccessor22.invoke(Unknown Source)
	at sun.reflect.DelegatingMethodAccessorImpl.invoke(DelegatingMethodAccessorImpl.java:43)
	at java.lang.reflect.Method.invoke(Method.java:601)
	at java.io.ObjectStreamClass.invokeReadObject(ObjectStreamClass.java:1004)
	at java.io.ObjectInputStream.readSerialData(ObjectInputStream.java:1866)
	at java.io.ObjectInputStream.readOrdinaryObject(ObjectInputStream.java:1771)
	at java.io.ObjectInputStream.readObject0(ObjectInputStream.java:1347)
	at java.io.ObjectInputStream.skipCustomData(ObjectInputStream.java:1929)
	at java.io.ObjectInputStream.readSerialData(ObjectInputStream.java:1891)
	at java.io.ObjectInputStream.readOrdinaryObject(ObjectInputStream.java:1771)
	at java.io.ObjectInputStream.readObject0(ObjectInputStream.java:1347)
	at java.io.ObjectInputStream.defaultReadFields(ObjectInputStream.java:1964)
	at java.io.ObjectInputStream.defaultReadObject(ObjectInputStream.java:498)
	at com.google.gwt.dev.javac.CachedCompilationUnit.readObject(CachedCompilationUnit.java:204)
	at sun.reflect.GeneratedMethodAccessor22.invoke(Unknown Source)
	at sun.reflect.DelegatingMethodAccessorImpl.invoke(DelegatingMethodAccessorImpl.java:43)
	at java.lang.reflect.Method.invoke(Method.java:601)
	at java.io.ObjectStreamClass.invokeReadObject(ObjectStreamClass.java:1004)
	at java.io.ObjectInputStream.readSerialData(ObjectInputStream.java:1866)
	at java.io.ObjectInputStream.readOrdinaryObject(ObjectInputStream.java:1771)
	at java.io.ObjectInputStream.readObject0(ObjectInputStream.java:1347)
	at java.io.ObjectInputStream.skipCustomData(ObjectInputStream.java:1929)
	at java.io.ObjectInputStream.readSerialData(ObjectInputStream.java:1891)
	at java.io.ObjectInputStream.readOrdinaryObject(ObjectInputStream.java:1771)
	at java.io.ObjectInputStream.readObject0(ObjectInputStream.java:1347)
	at java.io.ObjectInputStream.defaultReadFields(ObjectInputStream.java:1964)
	at java.io.ObjectInputStream.defaultReadObject(ObjectInputStream.java:498)
	at com.google.gwt.dev.javac.CachedCompilationUnit.readObject(CachedCompilationUnit.java:204)
	at sun.reflect.GeneratedMethodAccessor22.invoke(Unknown Source)
	at sun.reflect.DelegatingMethodAccessorImpl.invoke(DelegatingMethodAccessorImpl.java:43)
	at java.lang.reflect.Method.invoke(Method.java:601)
	at java.io.ObjectStreamClass.invokeReadObject(ObjectStreamClass.java:1004)
	at java.io.ObjectInputStream.readSerialData(ObjectInputStream.java:1866)
	at java.io.ObjectInputStream.readOrdinaryObject(ObjectInputStream.java:1771)
	at java.io.ObjectInputStream.readObject0(ObjectInputStream.java:1347)
	at java.io.ObjectInputStream.skipCustomData(ObjectInputStream.java:1929)
	at java.io.ObjectInputStream.readSerialData(ObjectInputStream.java:1891)
	at java.io.ObjectInputStream.readOrdinaryObject(ObjectInputStream.java:1771)
	at java.io.ObjectInputStream.readObject0(ObjectInputStream.java:1347)
	at java.io.ObjectInputStream.defaultReadFields(ObjectInputStream.java:1964)
	at java.io.ObjectInputStream.defaultReadObject(ObjectInputStream.java:498)
	at com.google.gwt.dev.javac.CachedCompilationUnit.readObject(CachedCompilationUnit.java:204)
	at sun.reflect.GeneratedMethodAccessor22.invoke(Unknown Source)
	at sun.reflect.DelegatingMethodAccessorImpl.invoke(DelegatingMethodAccessorImpl.java:43)
	at java.lang.reflect.Method.invoke(Method.java:601)
	at java.io.ObjectStreamClass.invokeReadObject(ObjectStreamClass.java:1004)
	at java.io.ObjectInputStream.readSerialData(ObjectInputStream.java:1866)
	at java.io.ObjectInputStream.readOrdinaryObject(ObjectInputStream.java:1771)
	at java.io.ObjectInputStream.readObject0(ObjectInputStream.java:1347)
	at java.io.ObjectInputStream.skipCustomData(ObjectInputStream.java:1929)
	at java.io.ObjectInputStream.readSerialData(ObjectInputStream.java:1891)
	at java.io.ObjectInputStream.readOrdinaryObject(ObjectInputStream.java:1771)
	at java.io.ObjectInputStream.readObject0(ObjectInputStream.java:1347)
	at java.io.ObjectInputStream.defaultReadFields(ObjectInputStream.java:1964)
	at java.io.ObjectInputStream.defaultReadObject(ObjectInputStream.java:498)
	at com.google.gwt.dev.javac.CachedCompilationUnit.readObject(CachedCompilationUnit.java:204)
	at sun.reflect.GeneratedMethodAccessor22.invoke(Unknown Source)
	at sun.reflect.DelegatingMethodAccessorImpl.invoke(DelegatingMethodAccessorImpl.java:43)
	at java.lang.reflect.Method.invoke(Method.java:601)
	at java.io.ObjectStreamClass.invokeReadObject(ObjectStreamClass.java:1004)
	at java.io.ObjectInputStream.readSerialData(ObjectInputStream.java:1866)
	at java.io.ObjectInputStream.readOrdinaryObject(ObjectInputStream.java:1771)
	at java.io.ObjectInputStream.readObject0(ObjectInputStream.java:1347)
	at java.io.ObjectInputStream.skipCustomData(ObjectInputStream.java:1929)
	at java.io.ObjectInputStream.readSerialData(ObjectInputStream.java:1891)
	at java.io.ObjectInputStream.readOrdinaryObject(ObjectInputStream.java:1771)
	at java.io.ObjectInputStream.readObject0(ObjectInputStream.java:1347)
	at java.io.ObjectInputStream.defaultReadFields(ObjectInputStream.java:1964)
	at java.io.ObjectInputStream.defaultReadObject(ObjectInputStream.java:498)
	at com.google.gwt.dev.javac.CachedCompilationUnit.readObject(CachedCompilationUnit.java:204)
	at sun.reflect.GeneratedMethodAccessor22.invoke(Unknown Source)
	at sun.reflect.DelegatingMethodAccessorImpl.invoke(DelegatingMethodAccessorImpl.java:43)
	at java.lang.reflect.Method.invoke(Method.java:601)
	at java.io.ObjectStreamClass.invokeReadObject(ObjectStreamClass.java:1004)
	at java.io.ObjectInputStream.readSerialData(ObjectInputStream.java:1866)
	at java.io.ObjectInputStream.readOrdinaryObject(ObjectInputStream.java:1771)
	at java.io.ObjectInputStream.readObject0(ObjectInputStream.java:1347)
	at java.io.ObjectInputStream.skipCustomData(ObjectInputStream.java:1929)
	at java.io.ObjectInputStream.readSerialData(ObjectInputStream.java:1891)
	at java.io.ObjectInputStream.readOrdinaryObject(ObjectInputStream.java:1771)
	at java.io.ObjectInputStream.readObject0(ObjectInputStream.java:1347)
	at java.io.ObjectInputStream.defaultReadFields(ObjectInputStream.java:1964)
	at java.io.ObjectInputStream.defaultReadObject(ObjectInputStream.java:498)
	at com.google.gwt.dev.javac.CachedCompilationUnit.readObject(CachedCompilationUnit.java:204)
	at sun.reflect.GeneratedMethodAccessor22.invoke(Unknown Source)
	at sun.reflect.DelegatingMethodAccessorImpl.invoke(DelegatingMethodAccessorImpl.java:43)
	at java.lang.reflect.Method.invoke(Method.java:601)
	at java.io.ObjectStreamClass.invokeReadObject(ObjectStreamClass.java:1004)
	at java.io.ObjectInputStream.readSerialData(ObjectInputStream.java:1866)
	at java.io.ObjectInputStream.readOrdinaryObject(ObjectInputStream.java:1771)
	at java.io.ObjectInputStream.readObject0(ObjectInputStream.java:1347)
	at java.io.ObjectInputStream.skipCustomData(ObjectInputStream.java:1929)
	at java.io.ObjectInputStream.readSerialData(ObjectInputStream.java:1891)
	at java.io.ObjectInputStream.readOrdinaryObject(ObjectInputStream.java:1771)
	at java.io.ObjectInputStream.readObject0(ObjectInputStream.java:1347)
	at java.io.ObjectInputStream.defaultReadFields(ObjectInputStream.java:1964)
	at java.io.ObjectInputStream.defaultReadObject(ObjectInputStream.java:498)
	at com.google.gwt.dev.javac.CachedCompilationUnit.readObject(CachedCompilationUnit.java:204)
	at sun.reflect.GeneratedMethodAccessor22.invoke(Unknown Source)
	at sun.reflect.DelegatingMethodAccessorImpl.invoke(DelegatingMethodAccessorImpl.java:43)
	at java.lang.reflect.Method.invoke(Method.java:601)
	at java.io.ObjectStreamClass.invokeReadObject(ObjectStreamClass.java:1004)
	at java.io.ObjectInputStream.readSerialData(ObjectInputStream.java:1866)
	at java.io.ObjectInputStream.readOrdinaryObject(ObjectInputStream.java:1771)
	at java.io.ObjectInputStream.readObject0(ObjectInputStream.java:1347)
	at java.io.ObjectInputStream.skipCustomData(ObjectInputStream.java:1929)
	at java.io.ObjectInputStream.readSerialData(ObjectInputStream.java:1891)
	at java.io.ObjectInputStream.readOrdinaryObject(ObjectInputStream.java:1771)
	at java.io.ObjectInputStream.readObject0(ObjectInputStream.java:1347)
	at java.io.ObjectInputStream.defaultReadFields(ObjectInputStream.java:1964)
	at java.io.ObjectInputStream.defaultReadObject(ObjectInputStream.java:498)
	at com.google.gwt.dev.javac.CachedCompilationUnit.readObject(CachedCompilationUnit.java:204)
	at sun.reflect.GeneratedMethodAccessor22.invoke(Unknown Source)
	at sun.reflect.DelegatingMethodAccessorImpl.invoke(DelegatingMethodAccessorImpl.java:43)
	at java.lang.reflect.Method.invoke(Method.java:601)
	at java.io.ObjectStreamClass.invokeReadObject(ObjectStreamClass.java:1004)
	at java.io.ObjectInputStream.readSerialData(ObjectInputStream.java:1866)
	at java.io.ObjectInputStream.readOrdinaryObject(ObjectInputStream.java:1771)
	at java.io.ObjectInputStream.readObject0(ObjectInputStream.java:1347)
	at java.io.ObjectInputStream.skipCustomData(ObjectInputStream.java:1929)
	at java.io.ObjectInputStream.readSerialData(ObjectInputStream.java:1891)
	at java.io.ObjectInputStream.readOrdinaryObject(ObjectInputStream.java:1771)
	at java.io.ObjectInputStream.readObject0(ObjectInputStream.java:1347)
	at java.io.ObjectInputStream.defaultReadFields(ObjectInputStream.java:1964)
	at java.io.ObjectInputStream.defaultReadObject(ObjectInputStream.java:498)
	at com.google.gwt.dev.javac.CachedCompilationUnit.readObject(CachedCompilationUnit.java:204)
	at sun.reflect.GeneratedMethodAccessor22.invoke(Unknown Source)
	at sun.reflect.DelegatingMethodAccessorImpl.invoke(DelegatingMethodAccessorImpl.java:43)
	at java.lang.reflect.Method.invoke(Method.java:601)
	at java.io.ObjectStreamClass.invokeReadObject(ObjectStreamClass.java:1004)
	at java.io.ObjectInputStream.readSerialData(ObjectInputStream.java:1866)
	at java.io.ObjectInputStream.readOrdinaryObject(ObjectInputStream.java:1771)
	at java.io.ObjectInputStream.readObject0(ObjectInputStream.java:1347)
	at java.io.ObjectInputStream.skipCustomData(ObjectInputStream.java:1929)
	at java.io.ObjectInputStream.readSerialData(ObjectInputStream.java:1891)
	at java.io.ObjectInputStream.readOrdinaryObject(ObjectInputStream.java:1771)
	at java.io.ObjectInputStream.readObject0(ObjectInputStream.java:1347)
	at java.io.ObjectInputStream.defaultReadFields(ObjectInputStream.java:1964)
	at java.io.ObjectInputStream.defaultReadObject(ObjectInputStream.java:498)
	at com.google.gwt.dev.javac.CachedCompilationUnit.readObject(CachedCompilationUnit.java:204)
	at sun.reflect.GeneratedMethodAccessor22.invoke(Unknown Source)
	at sun.reflect.DelegatingMethodAccessorImpl.invoke(DelegatingMethodAccessorImpl.java:43)
	at java.lang.reflect.Method.invoke(Method.java:601)
	at java.io.ObjectStreamClass.invokeReadObject(ObjectStreamClass.java:1004)
	at java.io.ObjectInputStream.readSerialData(ObjectInputStream.java:1866)
	at java.io.ObjectInputStream.readOrdinaryObject(ObjectInputStream.java:1771)
	at java.io.ObjectInputStream.readObject0(ObjectInputStream.java:1347)
	at java.io.ObjectInputStream.skipCustomData(ObjectInputStream.java:1929)
	at java.io.ObjectInputStream.readSerialData(ObjectInputStream.java:1891)
	at java.io.ObjectInputStream.readOrdinaryObject(ObjectInputStream.java:1771)
	at java.io.ObjectInputStream.readObject0(ObjectInputStream.java:1347)
	at java.io.ObjectInputStream.defaultReadFields(ObjectInputStream.java:1964)
	at java.io.ObjectInputStream.defaultReadObject(ObjectInputStream.java:498)
	at com.google.gwt.dev.javac.CachedCompilationUnit.readObject(CachedCompilationUnit.java:204)
	at sun.reflect.GeneratedMethodAccessor22.invoke(Unknown Source)
	at sun.reflect.DelegatingMethodAccessorImpl.invoke(DelegatingMethodAccessorImpl.java:43)
	at java.lang.reflect.Method.invoke(Method.java:601)
	at java.io.ObjectStreamClass.invokeReadObject(ObjectStreamClass.java:1004)
	at java.io.ObjectInputStream.readSerialData(ObjectInputStream.java:1866)
	at java.io.ObjectInputStream.readOrdinaryObject(ObjectInputStream.java:1771)
	at java.io.ObjectInputStream.readObject0(ObjectInputStream.java:1347)
	at java.io.ObjectInputStream.skipCustomData(ObjectInputStream.java:1929)
	at java.io.ObjectInputStream.readSerialData(ObjectInputStream.java:1891)
	at java.io.ObjectInputStream.readOrdinaryObject(ObjectInputStream.java:1771)
	at java.io.ObjectInputStream.readObject0(ObjectInputStream.java:1347)
	at java.io.ObjectInputStream.defaultReadFields(ObjectInputStream.java:1964)
	at java.io.ObjectInputStream.defaultReadObject(ObjectInputStream.java:498)
	at com.google.gwt.dev.javac.CachedCompilationUnit.readObject(CachedCompilationUnit.java:204)
	at sun.reflect.GeneratedMethodAccessor22.invoke(Unknown Source)
	at sun.reflect.DelegatingMethodAccessorImpl.invoke(DelegatingMethodAccessorImpl.java:43)
	at java.lang.reflect.Method.invoke(Method.java:601)
	at java.io.ObjectStreamClass.invokeReadObject(ObjectStreamClass.java:1004)
	at java.io.ObjectInputStream.readSerialData(ObjectInputStream.java:1866)
	at java.io.ObjectInputStream.readOrdinaryObject(ObjectInputStream.java:1771)
	at java.io.ObjectInputStream.readObject0(ObjectInputStream.java:1347)
	at java.io.ObjectInputStream.skipCustomData(ObjectInputStream.java:1929)
	at java.io.ObjectInputStream.readSerialData(ObjectInputStream.java:1891)
	at java.io.ObjectInputStream.readOrdinaryObject(ObjectInputStream.java:1771)
	at java.io.ObjectInputStream.readObject0(ObjectInputStream.java:1347)
	at java.io.ObjectInputStream.defaultReadFields(ObjectInputStream.java:1964)
	at java.io.ObjectInputStream.defaultReadObject(ObjectInputStream.java:498)
	at com.google.gwt.dev.javac.CachedCompilationUnit.readObject(CachedCompilationUnit.java:204)
	at sun.reflect.GeneratedMethodAccessor22.invoke(Unknown Source)
	at sun.reflect.DelegatingMethodAccessorImpl.invoke(DelegatingMethodAccessorImpl.java:43)
	at java.lang.reflect.Method.invoke(Method.java:601)
	at java.io.ObjectStreamClass.invokeReadObject(ObjectStreamClass.java:1004)
	at java.io.ObjectInputStream.readSerialData(ObjectInputStream.java:1866)
	at java.io.ObjectInputStream.readOrdinaryObject(ObjectInputStream.java:1771)
	at java.io.ObjectInputStream.readObject0(ObjectInputStream.java:1347)
	at java.io.ObjectInputStream.skipCustomData(ObjectInputStream.java:1929)
	at java.io.ObjectInputStream.readSerialData(ObjectInputStream.java:1891)
	at java.io.ObjectInputStream.readOrdinaryObject(ObjectInputStream.java:1771)
	at java.io.ObjectInputStream.readObject0(ObjectInputStream.java:1347)
	at java.io.ObjectInputStream.defaultReadFields(ObjectInputStream.java:1964)
	at java.io.ObjectInputStream.defaultReadObject(ObjectInputStream.java:498)
	at com.google.gwt.dev.javac.CachedCompilationUnit.readObject(CachedCompilationUnit.java:204)
	at sun.reflect.GeneratedMethodAccessor22.invoke(Unknown Source)
	at sun.reflect.DelegatingMethodAccessorImpl.invoke(DelegatingMethodAccessorImpl.java:43)
	at java.lang.reflect.Method.invoke(Method.java:601)
	at java.io.ObjectStreamClass.invokeReadObject(ObjectStreamClass.java:1004)
	at java.io.ObjectInputStream.readSerialData(ObjectInputStream.java:1866)
	at java.io.ObjectInputStream.readOrdinaryObject(ObjectInputStream.java:1771)
	at java.io.ObjectInputStream.readObject0(ObjectInputStream.java:1347)
	at java.io.ObjectInputStream.skipCustomData(ObjectInputStream.java:1929)
	at java.io.ObjectInputStream.readSerialData(ObjectInputStream.java:1891)
	at java.io.ObjectInputStream.readOrdinaryObject(ObjectInputStream.java:1771)
	at java.io.ObjectInputStream.readObject0(ObjectInputStream.java:1347)
	at java.io.ObjectInputStream.defaultReadFields(ObjectInputStream.java:1964)
	at java.io.ObjectInputStream.defaultReadObject(ObjectInputStream.java:498)
	at com.google.gwt.dev.javac.CachedCompilationUnit.readObject(CachedCompilationUnit.java:204)
	at sun.reflect.GeneratedMethodAccessor22.invoke(Unknown Source)
	at sun.reflect.DelegatingMethodAccessorImpl.invoke(DelegatingMethodAccessorImpl.java:43)
	at java.lang.reflect.Method.invoke(Method.java:601)
	at java.io.ObjectStreamClass.invokeReadObject(ObjectStreamClass.java:1004)
	at java.io.ObjectInputStream.readSerialData(ObjectInputStream.java:1866)
	at java.io.ObjectInputStream.readOrdinaryObject(ObjectInputStream.java:1771)
	at java.io.ObjectInputStream.readObject0(ObjectInputStream.java:1347)
	at java.io.ObjectInputStream.skipCustomData(ObjectInputStream.java:1929)
	at java.io.ObjectInputStream.readSerialData(ObjectInputStream.java:1891)
	at java.io.ObjectInputStream.readOrdinaryObject(ObjectInputStream.java:1771)
	at java.io.ObjectInputStream.readObject0(ObjectInputStream.java:1347)
	at java.io.ObjectInputStream.defaultReadFields(ObjectInputStream.java:1964)
	at java.io.ObjectInputStream.defaultReadObject(ObjectInputStream.java:498)
	at com.google.gwt.dev.javac.CachedCompilationUnit.readObject(CachedCompilationUnit.java:204)
	at sun.reflect.GeneratedMethodAccessor22.invoke(Unknown Source)
	at sun.reflect.DelegatingMethodAccessorImpl.invoke(DelegatingMethodAccessorImpl.java:43)
	at java.lang.reflect.Method.invoke(Method.java:601)
	at java.io.ObjectStreamClass.invokeReadObject(ObjectStreamClass.java:1004)
	at java.io.ObjectInputStream.readSerialData(ObjectInputStream.java:1866)
	at java.io.ObjectInputStream.readOrdinaryObject(ObjectInputStream.java:1771)
	at java.io.ObjectInputStream.readObject0(ObjectInputStream.java:1347)
	at java.io.ObjectInputStream.skipCustomData(ObjectInputStream.java:1929)
	at java.io.ObjectInputStream.readSerialData(ObjectInputStream.java:1891)
	at java.io.ObjectInputStream.readOrdinaryObject(ObjectInputStream.java:1771)
	at java.io.ObjectInputStream.readObject0(ObjectInputStream.java:1347)
	at java.io.ObjectInputStream.defaultReadFields(ObjectInputStream.java:1964)
	at java.io.ObjectInputStream.defaultReadObject(ObjectInputStream.java:498)
	at com.google.gwt.dev.javac.CachedCompilationUnit.readObject(CachedCompilationUnit.java:204)
	at sun.reflect.GeneratedMethodAccessor22.invoke(Unknown Source)
	at sun.reflect.DelegatingMethodAccessorImpl.invoke(DelegatingMethodAccessorImpl.java:43)
	at java.lang.reflect.Method.invoke(Method.java:601)
	at java.io.ObjectStreamClass.invokeReadObject(ObjectStreamClass.java:1004)
	at java.io.ObjectInputStream.readSerialData(ObjectInputStream.java:1866)
	at java.io.ObjectInputStream.readOrdinaryObject(ObjectInputStream.java:1771)
	at java.io.ObjectInputStream.readObject0(ObjectInputStream.java:1347)
	at java.io.ObjectInputStream.skipCustomData(ObjectInputStream.java:1929)
	at java.io.ObjectInputStream.readSerialData(ObjectInputStream.java:1891)
	at java.io.ObjectInputStream.readOrdinaryObject(ObjectInputStream.java:1771)
	at java.io.ObjectInputStream.readObject0(ObjectInputStream.java:1347)
	at java.io.ObjectInputStream.defaultReadFields(ObjectInputStream.java:1964)
	at java.io.ObjectInputStream.defaultReadObject(ObjectInputStream.java:498)
	at com.google.gwt.dev.javac.CachedCompilationUnit.readObject(CachedCompilationUnit.java:204)
	at sun.reflect.GeneratedMethodAccessor22.invoke(Unknown Source)
	at sun.reflect.DelegatingMethodAccessorImpl.invoke(DelegatingMethodAccessorImpl.java:43)
	at java.lang.reflect.Method.invoke(Method.java:601)
	at java.io.ObjectStreamClass.invokeReadObject(ObjectStreamClass.java:1004)
	at java.io.ObjectInputStream.readSerialData(ObjectInputStream.java:1866)
	at java.io.ObjectInputStream.readOrdinaryObject(ObjectInputStream.java:1771)
	at java.io.ObjectInputStream.readObject0(ObjectInputStream.java:1347)
	at java.io.ObjectInputStream.skipCustomData(ObjectInputStream.java:1929)
	at java.io.ObjectInputStream.readSerialData(ObjectInputStream.java:1891)
	at java.io.ObjectInputStream.readOrdinaryObject(ObjectInputStream.java:1771)
	at java.io.ObjectInputStream.readObject0(ObjectInputStream.java:1347)
	at java.io.ObjectInputStream.defaultReadFields(ObjectInputStream.java:1964)
	at java.io.ObjectInputStream.defaultReadObject(ObjectInputStream.java:498)
	at com.google.gwt.dev.javac.CachedCompilationUnit.readObject(CachedCompilationUnit.java:204)
	at sun.reflect.GeneratedMethodAccessor22.invoke(Unknown Source)
	at sun.reflect.DelegatingMethodAccessorImpl.invoke(DelegatingMethodAccessorImpl.java:43)
	at java.lang.reflect.Method.invoke(Method.java:601)
	at java.io.ObjectStreamClass.invokeReadObject(ObjectStreamClass.java:1004)
	at java.io.ObjectInputStream.readSerialData(ObjectInputStream.java:1866)
	at java.io.ObjectInputStream.readOrdinaryObject(ObjectInputStream.java:1771)
	at java.io.ObjectInputStream.readObject0(ObjectInputStream.java:1347)
	at java.io.ObjectInputStream.skipCustomData(ObjectInputStream.java:1929)
	at java.io.ObjectInputStream.readSerialData(ObjectInputStream.java:1891)
	at java.io.ObjectInputStream.readOrdinaryObject(ObjectInputStream.java:1771)
	at java.io.ObjectInputStream.readObject0(ObjectInputStream.java:1347)
	at java.io.ObjectInputStream.defaultReadFields(ObjectInputStream.java:1964)
	at java.io.ObjectInputStream.defaultReadObject(ObjectInputStream.java:498)
	at com.google.gwt.dev.javac.CachedCompilationUnit.readObject(CachedCompilationUnit.java:204)
	at sun.reflect.GeneratedMethodAccessor22.invoke(Unknown Source)
	at sun.reflect.DelegatingMethodAccessorImpl.invoke(DelegatingMethodAccessorImpl.java:43)
	at java.lang.reflect.Method.invoke(Method.java:601)
	at java.io.ObjectStreamClass.invokeReadObject(ObjectStreamClass.java:1004)
	at java.io.ObjectInputStream.readSerialData(ObjectInputStream.java:1866)
	at java.io.ObjectInputStream.readOrdinaryObject(ObjectInputStream.java:1771)
	at java.io.ObjectInputStream.readObject0(ObjectInputStream.java:1347)
	at java.io.ObjectInputStream.skipCustomData(ObjectInputStream.java:1929)
	at java.io.ObjectInputStream.readSerialData(ObjectInputStream.java:1891)
	at java.io.ObjectInputStream.readOrdinaryObject(ObjectInputStream.java:1771)
	at java.io.ObjectInputStream.readObject0(ObjectInputStream.java:1347)
	at java.io.ObjectInputStream.defaultReadFields(ObjectInputStream.java:1964)
	at java.io.ObjectInputStream.defaultReadObject(ObjectInputStream.java:498)
	at com.google.gwt.dev.javac.CachedCompilationUnit.readObject(CachedCompilationUnit.java:204)
	at sun.reflect.GeneratedMethodAccessor22.invoke(Unknown Source)
	at sun.reflect.DelegatingMethodAccessorImpl.invoke(DelegatingMethodAccessorImpl.java:43)
	at java.lang.reflect.Method.invoke(Method.java:601)
	at java.io.ObjectStreamClass.invokeReadObject(ObjectStreamClass.java:1004)
	at java.io.ObjectInputStream.readSerialData(ObjectInputStream.java:1866)
	at java.io.ObjectInputStream.readOrdinaryObject(ObjectInputStream.java:1771)
	at java.io.ObjectInputStream.readObject0(ObjectInputStream.java:1347)
	at java.io.ObjectInputStream.skipCustomData(ObjectInputStream.java:1929)
	at java.io.ObjectInputStream.readSerialData(ObjectInputStream.java:1891)
	at java.io.ObjectInputStream.readOrdinaryObject(ObjectInputStream.java:1771)
	at java.io.ObjectInputStream.readObject0(ObjectInputStream.java:1347)
	at java.io.ObjectInputStream.defaultReadFields(ObjectInputStream.java:1964)
	at java.io.ObjectInputStream.defaultReadObject(ObjectInputStream.java:498)
	at com.google.gwt.dev.javac.CachedCompilationUnit.readObject(CachedCompilationUnit.java:204)
	at sun.reflect.GeneratedMethodAccessor22.invoke(Unknown Source)
	at sun.reflect.DelegatingMethodAccessorImpl.invoke(DelegatingMethodAccessorImpl.java:43)
	at java.lang.reflect.Method.invoke(Method.java:601)
	at java.io.ObjectStreamClass.invokeReadObject(ObjectStreamClass.java:1004)
	at java.io.ObjectInputStream.readSerialData(ObjectInputStream.java:1866)
	at java.io.ObjectInputStream.readOrdinaryObject(ObjectInputStream.java:1771)
	at java.io.ObjectInputStream.readObject0(ObjectInputStream.java:1347)
	at java.io.ObjectInputStream.skipCustomData(ObjectInputStream.java:1929)
	at java.io.ObjectInputStream.readSerialData(ObjectInputStream.java:1891)
	at java.io.ObjectInputStream.readOrdinaryObject(ObjectInputStream.java:1771)
	at java.io.ObjectInputStream.readObject0(ObjectInputStream.java:1347)
	at java.io.ObjectInputStream.defaultReadFields(ObjectInputStream.java:1964)
	at java.io.ObjectInputStream.defaultReadObject(ObjectInputStream.java:498)
	at com.google.gwt.dev.javac.CachedCompilationUnit.readObject(CachedCompilationUnit.java:204)
	at sun.reflect.GeneratedMethodAccessor22.invoke(Unknown Source)
	at sun.reflect.DelegatingMethodAccessorImpl.invoke(DelegatingMethodAccessorImpl.java:43)
	at java.lang.reflect.Method.invoke(Method.java:601)
	at java.io.ObjectStreamClass.invokeReadObject(ObjectStreamClass.java:1004)
	at java.io.ObjectInputStream.readSerialData(ObjectInputStream.java:1866)
	at java.io.ObjectInputStream.readOrdinaryObject(ObjectInputStream.java:1771)
	at java.io.ObjectInputStream.readObject0(ObjectInputStream.java:1347)
	at java.io.ObjectInputStream.skipCustomData(ObjectInputStream.java:1929)
	at java.io.ObjectInputStream.readSerialData(ObjectInputStream.java:1891)
	at java.io.ObjectInputStream.readOrdinaryObject(ObjectInputStream.java:1771)
	at java.io.ObjectInputStream.readObject0(ObjectInputStream.java:1347)
	at java.io.ObjectInputStream.defaultReadFields(ObjectInputStream.java:1964)
	at java.io.ObjectInputStream.defaultReadObject(ObjectInputStream.java:498)
	at com.google.gwt.dev.javac.CachedCompilationUnit.readObject(CachedCompilationUnit.java:204)
	at sun.reflect.GeneratedMethodAccessor22.invoke(Unknown Source)
	at sun.reflect.DelegatingMethodAccessorImpl.invoke(DelegatingMethodAccessorImpl.java:43)
	at java.lang.reflect.Method.invoke(Method.java:601)
	at java.io.ObjectStreamClass.invokeReadObject(ObjectStreamClass.java:1004)
	at java.io.ObjectInputStream.readSerialData(ObjectInputStream.java:1866)
	at java.io.ObjectInputStream.readOrdinaryObject(ObjectInputStream.java:1771)
	at java.io.ObjectInputStream.readObject0(ObjectInputStream.java:1347)
	at java.io.ObjectInputStream.skipCustomData(ObjectInputStream.java:1929)
	at java.io.ObjectInputStream.readSerialData(ObjectInputStream.java:1891)
	at java.io.ObjectInputStream.readOrdinaryObject(ObjectInputStream.java:1771)
	at java.io.ObjectInputStream.readObject0(ObjectInputStream.java:1347)
	at java.io.ObjectInputStream.defaultReadFields(ObjectInputStream.java:1964)
	at java.io.ObjectInputStream.defaultReadObject(ObjectInputStream.java:498)
	at com.google.gwt.dev.javac.CachedCompilationUnit.readObject(CachedCompilationUnit.java:204)
	at sun.reflect.GeneratedMethodAccessor22.invoke(Unknown Source)
	at sun.reflect.DelegatingMethodAccessorImpl.invoke(DelegatingMethodAccessorImpl.java:43)
	at java.lang.reflect.Method.invoke(Method.java:601)
	at java.io.ObjectStreamClass.invokeReadObject(ObjectStreamClass.java:1004)
	at java.io.ObjectInputStream.readSerialData(ObjectInputStream.java:1866)
	at java.io.ObjectInputStream.readOrdinaryObject(ObjectInputStream.java:1771)
	at java.io.ObjectInputStream.readObject0(ObjectInputStream.java:1347)
	at java.io.ObjectInputStream.skipCustomData(ObjectInputStream.java:1929)
	at java.io.ObjectInputStream.readSerialData(ObjectInputStream.java:1891)
	at java.io.ObjectInputStream.readOrdinaryObject(ObjectInputStream.java:1771)
	at java.io.ObjectInputStream.readObject0(ObjectInputStream.java:1347)
	at java.io.ObjectInputStream.defaultReadFields(ObjectInputStream.java:1964)
	at java.io.ObjectInputStream.defaultReadObject(ObjectInputStream.java:498)
	at com.google.gwt.dev.javac.CachedCompilationUnit.readObject(CachedCompilationUnit.java:204)
	at sun.reflect.GeneratedMethodAccessor22.invoke(Unknown Source)
	at sun.reflect.DelegatingMethodAccessorImpl.invoke(DelegatingMethodAccessorImpl.java:43)
	at java.lang.reflect.Method.invoke(Method.java:601)
	at java.io.ObjectStreamClass.invokeReadObject(ObjectStreamClass.java:1004)
	at java.io.ObjectInputStream.readSerialData(ObjectInputStream.java:1866)
	at java.io.ObjectInputStream.readOrdinaryObject(ObjectInputStream.java:1771)
	at java.io.ObjectInputStream.readObject0(ObjectInputStream.java:1347)
	at java.io.ObjectInputStream.skipCustomData(ObjectInputStream.java:1929)
	at java.io.ObjectInputStream.readSerialData(ObjectInputStream.java:1891)
	at java.io.ObjectInputStream.readOrdinaryObject(ObjectInputStream.java:1771)
	at java.io.ObjectInputStream.readObject0(ObjectInputStream.java:1347)
	at java.io.ObjectInputStream.defaultReadFields(ObjectInputStream.java:1964)
	at java.io.ObjectInputStream.defaultReadObject(ObjectInputStream.java:498)
	at com.google.gwt.dev.javac.CachedCompilationUnit.readObject(CachedCompilationUnit.java:204)
	at sun.reflect.GeneratedMethodAccessor22.invoke(Unknown Source)
	at sun.reflect.DelegatingMethodAccessorImpl.invoke(DelegatingMethodAccessorImpl.java:43)
	at java.lang.reflect.Method.invoke(Method.java:601)
	at java.io.ObjectStreamClass.invokeReadObject(ObjectStreamClass.java:1004)
	at java.io.ObjectInputStream.readSerialData(ObjectInputStream.java:1866)
	at java.io.ObjectInputStream.readOrdinaryObject(ObjectInputStream.java:1771)
	at java.io.ObjectInputStream.readObject0(ObjectInputStream.java:1347)
	at java.io.ObjectInputStream.skipCustomData(ObjectInputStream.java:1929)
	at java.io.ObjectInputStream.readSerialData(ObjectInputStream.java:1891)
	at java.io.ObjectInputStream.readOrdinaryObject(ObjectInputStream.java:1771)
	at java.io.ObjectInputStream.readObject0(ObjectInputStream.java:1347)
	at java.io.ObjectInputStream.defaultReadFields(ObjectInputStream.java:1964)
	at java.io.ObjectInputStream.defaultReadObject(ObjectInputStream.java:498)
	at com.google.gwt.dev.javac.CachedCompilationUnit.readObject(CachedCompilationUnit.java:204)
	at sun.reflect.GeneratedMethodAccessor22.invoke(Unknown Source)
	at sun.reflect.DelegatingMethodAccessorImpl.invoke(DelegatingMethodAccessorImpl.java:43)
	at java.lang.reflect.Method.invoke(Method.java:601)
	at java.io.ObjectStreamClass.invokeReadObject(ObjectStreamClass.java:1004)
	at java.io.ObjectInputStream.readSerialData(ObjectInputStream.java:1866)
	at java.io.ObjectInputStream.readOrdinaryObject(ObjectInputStream.java:1771)
	at java.io.ObjectInputStream.readObject0(ObjectInputStream.java:1347)
	at java.io.ObjectInputStream.skipCustomData(ObjectInputStream.java:1929)
	at java.io.ObjectInputStream.readSerialData(ObjectInputStream.java:1891)
	at java.io.ObjectInputStream.readOrdinaryObject(ObjectInputStream.java:1771)
	at java.io.ObjectInputStream.readObject0(ObjectInputStream.java:1347)
	at java.io.ObjectInputStream.defaultReadFields(ObjectInputStream.java:1964)
	at java.io.ObjectInputStream.defaultReadObject(ObjectInputStream.java:498)
	at com.google.gwt.dev.javac.CachedCompilationUnit.readObject(CachedCompilationUnit.java:204)
	at sun.reflect.GeneratedMethodAccessor22.invoke(Unknown Source)
	at sun.reflect.DelegatingMethodAccessorImpl.invoke(DelegatingMethodAccessorImpl.java:43)
	at java.lang.reflect.Method.invoke(Method.java:601)
	at java.io.ObjectStreamClass.invokeReadObject(ObjectStreamClass.java:1004)
	at java.io.ObjectInputStream.readSerialData(ObjectInputStream.java:1866)
	at java.io.ObjectInputStream.readOrdinaryObject(ObjectInputStream.java:1771)
	at java.io.ObjectInputStream.readObject0(ObjectInputStream.java:1347)
	at java.io.ObjectInputStream.skipCustomData(ObjectInputStream.java:1929)
	at java.io.ObjectInputStream.readSerialData(ObjectInputStream.java:1891)
	at java.io.ObjectInputStream.readOrdinaryObject(ObjectInputStream.java:1771)
	at java.io.ObjectInputStream.readObject0(ObjectInputStream.java:1347)
	at java.io.ObjectInputStream.defaultReadFields(ObjectInputStream.java:1964)
	at java.io.ObjectInputStream.defaultReadObject(ObjectInputStream.java:498)
	at com.google.gwt.dev.javac.CachedCompilationUnit.readObject(CachedCompilationUnit.java:204)
	at sun.reflect.GeneratedMethodAccessor22.invoke(Unknown Source)
	at sun.reflect.DelegatingMethodAccessorImpl.invoke(DelegatingMethodAccessorImpl.java:43)
	at java.lang.reflect.Method.invoke(Method.java:601)
	at java.io.ObjectStreamClass.invokeReadObject(ObjectStreamClass.java:1004)
	at java.io.ObjectInputStream.readSerialData(ObjectInputStream.java:1866)
	at java.io.ObjectInputStream.readOrdinaryObject(ObjectInputStream.java:1771)
	at java.io.ObjectInputStream.readObject0(ObjectInputStream.java:1347)
	at java.io.ObjectInputStream.skipCustomData(ObjectInputStream.java:1929)
	at java.io.ObjectInputStream.readSerialData(ObjectInputStream.java:1891)
	at java.io.ObjectInputStream.readOrdinaryObject(ObjectInputStream.java:1771)
	at java.io.ObjectInputStream.readObject0(ObjectInputStream.java:1347)
	at java.io.ObjectInputStream.defaultReadFields(ObjectInputStream.java:1964)
	at java.io.ObjectInputStream.defaultReadObject(ObjectInputStream.java:498)
	at com.google.gwt.dev.javac.CachedCompilationUnit.readObject(CachedCompilationUnit.java:204)
	at sun.reflect.GeneratedMethodAccessor22.invoke(Unknown Source)
	at sun.reflect.DelegatingMethodAccessorImpl.invoke(DelegatingMethodAccessorImpl.java:43)
	at java.lang.reflect.Method.invoke(Method.java:601)
	at java.io.ObjectStreamClass.invokeReadObject(ObjectStreamClass.java:1004)
	at java.io.ObjectInputStream.readSerialData(ObjectInputStream.java:1866)
	at java.io.ObjectInputStream.readOrdinaryObject(ObjectInputStream.java:1771)
	at java.io.ObjectInputStream.readObject0(ObjectInputStream.java:1347)
	at java.io.ObjectInputStream.skipCustomData(ObjectInputStream.java:1929)
	at java.io.ObjectInputStream.readSerialData(ObjectInputStream.java:1891)
	at java.io.ObjectInputStream.readOrdinaryObject(ObjectInputStream.java:1771)
	at java.io.ObjectInputStream.readObject0(ObjectInputStream.java:1347)
	at java.io.ObjectInputStream.defaultReadFields(ObjectInputStream.java:1964)
	at java.io.ObjectInputStream.defaultReadObject(ObjectInputStream.java:498)
	at com.google.gwt.dev.javac.CachedCompilationUnit.readObject(CachedCompilationUnit.java:204)
	at sun.reflect.GeneratedMethodAccessor22.invoke(Unknown Source)
	at sun.reflect.DelegatingMethodAccessorImpl.invoke(DelegatingMethodAccessorImpl.java:43)
	at java.lang.reflect.Method.invoke(Method.java:601)
	at java.io.ObjectStreamClass.invokeReadObject(ObjectStreamClass.java:1004)
	at java.io.ObjectInputStream.readSerialData(ObjectInputStream.java:1866)
   [ERROR] Stack overflow; to increase the stack size, use the -Xss flag at startup (java -Xss1M ...)
   Validating units:
      Ignored 1 unit with compilation errors in first pass.
Compile with -strict or with -logLevel set to TRACE or DEBUG to see all errors.
   Finding entry point classes
      [ERROR] Errors in 'file:/C:/Users/Renso&Kenny/IdeaProjects/GwtTutorial/src/java/org/grails/gwttutorial/client/Sesion.java'
         [ERROR] Line 16: No source code is available for type com.google.gwt.user.server.rpc.RemoteServiceServlet; did you forget to inherit a required module?
         [ERROR] Line 22: No source code is available for type javax.servlet.http.HttpServletRequest; did you forget to inherit a required module?
         [ERROR] Line 24: No source code is available for type javax.servlet.http.HttpSession; did you forget to inherit a required module?
      [ERROR] Unable to find type 'org.grails.gwttutorial.client.Application'
         [ERROR] Hint: Previous compiler errors may have made this type unavailable
         [ERROR] Hint: Check the inheritance chain from your module; it may not be inheriting a required module or a module may not be adding its source path entries properly
================================================================
   Compilation finished at Tue Nov 26 21:45:38 GMT-04:00 2013
================================================================

